<?xml version="1.0" encoding="UTF-8"?>
<!-- Generated by org.testng.reporters.JUnitXMLReporter -->
<testsuite hostname="WIN-Q5PJLV91P1O" ignored="0" name="天气接口测试" tests="3" failures="0" timestamp="05 三月 2020 06:37:11 GMT" time="2.146" errors="0">
  <testcase name="test_Weather" time="0.98" classname="com.autotest.cases.WeatherTest"/>
  <testcase name="test_Weather" time="0.102" classname="com.autotest.cases.WeatherTest"/>
  <testcase name="test_Weather" time="0.105" classname="com.autotest.cases.WeatherTest"/>
</testsuite> <!-- 天气接口测试 -->
