<?xml version="1.0" encoding="UTF-8"?>
<!-- Generated by org.testng.reporters.JUnitXMLReporter -->
<testsuite hostname="WIN-Q5PJLV91P1O" ignored="0" name="注册接口测试" tests="5" failures="0" timestamp="29 二月 2020 16:26:23 GMT" time="0.243" errors="0">
  <testcase name="test_Register" time="0.047" classname="com.autotest.cases.RegisterTest"/>
  <testcase name="test_Register" time="0.053" classname="com.autotest.cases.RegisterTest"/>
  <testcase name="test_Register" time="0.045" classname="com.autotest.cases.RegisterTest"/>
  <testcase name="test_Register" time="0.05" classname="com.autotest.cases.RegisterTest"/>
  <testcase name="test_Register" time="0.042" classname="com.autotest.cases.RegisterTest"/>
</testsuite> <!-- 注册接口测试 -->
