<?xml version="1.0" encoding="UTF-8"?>
<!-- Generated by org.testng.reporters.JUnitXMLReporter -->
<testsuite hostname="WIN-Q5PJLV91P1O" ignored="0" name="登录接口测试" tests="3" failures="0" timestamp="29 二月 2020 16:26:22 GMT" time="0.33" errors="0">
  <testcase name="test_Login" time="0.2" classname="com.autotest.cases.LoginTest"/>
  <testcase name="test_Login" time="0.087" classname="com.autotest.cases.LoginTest"/>
  <testcase name="test_Login" time="0.039" classname="com.autotest.cases.LoginTest"/>
</testsuite> <!-- 登录接口测试 -->
