<?xml version="1.0" encoding="UTF-8"?>
<testng-results skipped="0" failed="0" ignored="0" total="3" passed="3">
  <reporter-output>
  </reporter-output>
  <suite name="All Test Suite" duration-ms="3871" started-at="2020-03-05T09:05:26Z" finished-at="2020-03-05T09:05:30Z">
    <groups>
    </groups>
    <test name="手机号验证登录" duration-ms="2624" started-at="2020-03-05T09:05:26Z" finished-at="2020-03-05T09:05:29Z">
      <class name="com.autotest.cases.Login_by_mobile">
        <test-method status="PASS" signature="login_mobile_test(java.lang.String, java.lang.String, java.lang.String, java.lang.String)[pri:0, instance:com.autotest.cases.Login_by_mobile@6537cf78]" name="login_mobile_test" duration-ms="1483" started-at="2020-03-05T09:05:27Z" data-provider="Login_mobile" finished-at="2020-03-05T09:05:29Z">
          <params>
            <param index="0">
              <value>
                <![CDATA[13]]>
              </value>
            </param>
            <param index="1">
              <value>
                <![CDATA[5]]>
              </value>
            </param>
            <param index="2">
              <value>
                <![CDATA[{"mobile":"15600015906","smsCode": "8888"}]]>
              </value>
            </param>
            <param index="3">
              <value>
                <![CDATA[{
  "meta": {
    "success": true,
    "message": "执行成功",
    "code": "00000000"
  },
  "data": {
    "token": "front_user_login_weixin_eyJkYXRlIjoxNTgyNTcyNTQ2ODQ0LCJ1aWQiOiIzNDgwN2I5MzkxYmE0YTdjOWUyNDdkNzNiZDJlZDE5MiIsInR5cCI6IkpXVCIsInRpbWUiOjE1ODI1NzI1NDY4NDQsInV1aWQiOiJjZDU1ZGYwNC1iMTJjLTQwMGQtOTNhZS0wNDMwN2RiYjhiOWUiLCJhbGciOiJIUzI1NiJ9eyJuYW1lIjoieXVubmFuemhvbmd5YW4iLCJ0eXBlIjoiand0In0N70XivAg8tjXOrHzMSZPyRYO8fOXY6RVngmLSj0I9s",
    "msg": "登录成功",
    "role": 2,
    "isNeedSetPwd": false,
    "setPwdToken": null,
    "isNeedGetOpenId": false,
    "setOpenIdToken": null,
    "isNeedUnbindMobile": false,
    "unbindMobileToken": null,
    "unbindMobile": null
  }
}]]>
              </value>
            </param>
          </params>
          <reporter-output>
          </reporter-output>
        </test-method> <!-- login_mobile_test -->
        <test-method status="PASS" signature="login_mobile_test(java.lang.String, java.lang.String, java.lang.String, java.lang.String)[pri:0, instance:com.autotest.cases.Login_by_mobile@6537cf78]" name="login_mobile_test" duration-ms="127" started-at="2020-03-05T09:05:29Z" data-provider="Login_mobile" finished-at="2020-03-05T09:05:29Z">
          <params>
            <param index="0">
              <value>
                <![CDATA[14]]>
              </value>
            </param>
            <param index="1">
              <value>
                <![CDATA[5]]>
              </value>
            </param>
            <param index="2">
              <value>
                <![CDATA[{"mobile":"15700118106","smsCode": "8888"}]]>
              </value>
            </param>
            <param index="3">
              <value>
                <![CDATA[{
  "meta": {
    "success": true,
    "message": "执行成功",
    "code": "00000000"
  },
  "data": {
    "token": null,
    "msg": null,
    "role": null,
    "isNeedSetPwd": true,
    "setPwdToken": "eyJkYXRlIjoxNTgyNTcyNzQ3NjAzLCJ1aWQiOiIxNTcwMDExODEwNiIsInR5cCI6IkpXVCIsInRpbWUiOjE1ODI1NzI3NDc2MDMsInV1aWQiOiIyOWU4MWI5NS02YWFlLTQxNTctYWNjMC03Nzk4MWE2YTVhYzUiLCJhbGciOiJIUzI1NiJ9eyJuYW1lIjoieXVubmFuemhvbmd5YW4iLCJ0eXBlIjoiand0In0KyGBmL1s5HE7miuhOWq6WIFltvB7oq6cgjvHvJgtg",
    "isNeedGetOpenId": false,
    "setOpenIdToken": null,
    "isNeedUnbindMobile": false,
    "unbindMobileToken": null,
    "unbindMobile": null
  }
}]]>
              </value>
            </param>
          </params>
          <reporter-output>
          </reporter-output>
        </test-method> <!-- login_mobile_test -->
      </class> <!-- com.autotest.cases.Login_by_mobile -->
    </test> <!-- 手机号验证登录 -->
    <test name="获取用户个人信息" duration-ms="1223" started-at="2020-03-05T09:05:29Z" finished-at="2020-03-05T09:05:30Z">
      <class name="com.autotest.cases.getUserInfoData">
        <test-method status="PASS" signature="getUserInfoData_Test(java.lang.String, java.lang.String, java.lang.String, java.lang.String)[pri:0, instance:com.autotest.cases.getUserInfoData@7946e1f4]" name="getUserInfoData_Test" duration-ms="1221" started-at="2020-03-05T09:05:29Z" description="获取用户个人信息" data-provider="getUserInfo" finished-at="2020-03-05T09:05:30Z">
          <params>
            <param index="0">
              <value>
                <![CDATA[15]]>
              </value>
            </param>
            <param index="1">
              <value>
                <![CDATA[6]]>
              </value>
            </param>
            <param index="2">
              <value>
                <![CDATA[{"role":"${role}"}]]>
              </value>
            </param>
            <param index="3">
              <value>
                <![CDATA[{
  "meta": {
    "success": true,
    "message": "执行成功",
    "code": "00000000"
  },
  "data": {
    "userMobile": "15600015906",
    "userNickname": null,
    "userGender": 0,
    "userBirth": null,
    "userAvatar": null,
    "userRole": 2,
    "deliverName": "陈涵",
    "deliverMobile": "15600015986",
    "deliverProvince": "浙江省",
    "deliverCity": "杭州市",
    "deliverDistrict": "西湖区",
    "deliverProvinceCode": "330000",
    "deliverCityCode": "330100",
    "deliverDistrictCode": "330106",
    "deliverAddress": "互联网创业园二号楼708",
    "isHighClubMember": false,
    "identityAuthStatus": 0
  }
}]]>
              </value>
            </param>
          </params>
          <reporter-output>
          </reporter-output>
        </test-method> <!-- getUserInfoData_Test -->
        <test-method status="PASS" signature="batchWriteBackDaras()[pri:0, instance:com.autotest.cases.getUserInfoData@7946e1f4]" name="batchWriteBackDaras" is-config="true" duration-ms="178" started-at="2020-03-05T09:05:30Z" finished-at="2020-03-05T09:05:30Z">
          <reporter-output>
          </reporter-output>
        </test-method> <!-- batchWriteBackDaras -->
      </class> <!-- com.autotest.cases.getUserInfoData -->
    </test> <!-- 获取用户个人信息 -->
  </suite> <!-- All Test Suite -->
</testng-results>
